<?xml version="1.0" encoding="UTF-8"?>
<!-- Generated by org.testng.reporters.JUnitReportReporter -->
<testsuite hostname="DESKTOP-2JNN88H" failures="0" tests="2" name="com.lg.qa.tests.ButtonPageTest" time="11.375" errors="0" timestamp="2024-05-16T00:35:23 IST" skipped="0">
  <testcase classname="com.lg.qa.tests.ButtonPageTest" name="ImageButtonClick" time="5.928"/>
  <testcase classname="com.lg.qa.tests.ButtonPageTest" name="ButtonClick" time="5.447"/>
</testsuite> <!-- com.lg.qa.tests.ButtonPageTest -->
